cat: /tmp/panel-pid: No such file or directory
/home/neeasade/.wm/bspwmrc: 56: /home/neeasade/.wm/bspwmrc: /home/neeasade/.wm/startup.sh: not found

==== ==== ==== ==== ==== [1;33m
 ,.        ,.        ,.
(:;)      (:;)      (:;)
 `'        `'        ` [0m
==== ==== ==== ==== ====No value for 'bar-force' -> using true
No value for 'bar-dock' -> using top
No value for 'bar-force' -> using true
No value for 'dropdown-overline' -> using false
No value for 'dropdown-underline' -> using false
No value for 'themeSwitch-overline' -> using false
No value for 'themeSwitch-underline' -> using false
No value for 'desktop-overline' -> using false
No value for 'bar-dock' -> using top
No value for 'desktop-underline' -> using false
No value for 'dropdown-overline' -> using false
No value for 'title-overline' -> using false
No value for 'bar-force' -> using true
No value for 'dropdown-underline' -> using false
No value for 'title-underline' -> using false
No value for 'themeSwitch-overline' -> using false
No value for 'themeSwitch-underline' -> using false
No value for 'bar-dock' -> using top
No value for 'desktop-overline' -> using false
No value for 'mpd-reload' -> using 5
No value for 'mpd-overline' -> using false
No value for 'dropdown-overline' -> using false
No value for 'desktop-underline' -> using false
No value for 'mpd-underline' -> using false
No value for 'dropdown-underline' -> using false
No value for 'volume-reload' -> using 5
No value for 'title-overline' -> using false
No value for 'volume-overline' -> using false
No value for 'themeSwitch-overline' -> using false
No value for 'title-underline' -> using false
No value for 'volume-underline' -> using false
No value for 'themeSwitch-underline' -> using false
No value for 'updates-overline' -> using false
No value for 'desktop-overline' -> using false
No value for 'updates-underline' -> using false
No value for 'mpd-reload' -> using 5
No value for 'desktop-underline' -> using false
No value for 'mpd-overline' -> using false
No value for 'weather-overline' -> using false
No value for 'title-overline' -> using false
No value for 'mpd-underline' -> using false
No value for 'weather-underline' -> using false
No value for 'volume-reload' -> using 5
No value for 'title-underline' -> using false
No value for 'volume-overline' -> using false
No value for 'clock-overline' -> using false
No value for 'clock-underline' -> using false
No value for 'volume-underline' -> using false
No value for 'dropdown-underline' -> using false
No value for 'dropdown-overline' -> using false
No value for 'updates-overline' -> using false
No value for 'mpd-reload' -> using 5
No value for 'themeSwitch-underline' -> using false
No value for 'mpd-overline' -> using false
No value for 'updates-underline' -> using false
No value for 'themeSwitch-overline' -> using false
No value for 'mpd-underline' -> using false
No value for 'desktop-underline' -> using false
No value for 'weather-overline' -> using false
No value for 'desktop-overline' -> using false
No value for 'volume-reload' -> using 5
No value for 'title-underline' -> using false
No value for 'volume-overline' -> using false
No value for 'weather-underline' -> using false
No value for 'title-overline' -> using false
No value for 'volume-underline' -> using false
No value for 'dropdown-underline' -> using false
No value for 'clock-overline' -> using false
No value for 'dropdown-overline' -> using false
No value for 'updates-overline' -> using false
No value for 'clock-underline' -> using false
No value for 'mpd-underline' -> using false
No value for 'mpd-overline' -> using false
No value for 'updates-underline' -> using false
No value for 'dropdown-underline' -> using false
No value for 'volume-underline' -> using false
No value for 'dropdown-overline' -> using false
No value for 'volume-overline' -> using false
No value for 'weather-overline' -> using false
No value for 'themeSwitch-underline' -> using false
No value for 'updates-underline' -> using false
No value for 'themeSwitch-overline' -> using false
No value for 'updates-overline' -> using false
No value for 'weather-underline' -> using false
No value for 'desktop-underline' -> using false
No value for 'weather-underline' -> using false
No value for 'weather-overline' -> using false
No value for 'desktop-overline' -> using false
No value for 'clock-overline' -> using false
No value for 'clock-underline' -> using false
No value for 'title-underline' -> using false
No value for 'clock-overline' -> using false
No value for 'title-overline' -> using false
No value for 'clock-underline' -> using false
No value for 'dropdown-underline' -> using false
No value for 'dropdown-underline' -> using false
No value for 'dropdown-overline' -> using false
No value for 'dropdown-overline' -> using false
No value for 'mpd-underline' -> using false
No value for 'themeSwitch-underline' -> using false
No value for 'mpd-overline' -> using false
No value for 'themeSwitch-overline' -> using false
No value for 'volume-underline' -> using false
No value for 'volume-overline' -> using false
No value for 'desktop-underline' -> using false
No value for 'desktop-overline' -> using false
No value for 'updates-underline' -> using false
No events specified for 'dropdown-scroll-up' -> using none.
No value for 'updates-overline' -> using false
No events specified for 'dropdown-mouse-middle' -> using none.
No value for 'title-underline' -> using false
No events specified for 'dropdown-mouse-right' -> using none.
No events specified for 'dropdown-scroll-down' -> using none.
No value for 'title-overline' -> using false
No value for 'weather-underline' -> using false
No value for 'weather-overline' -> using false
No value for 'dropdown-underline' -> using false
No value for 'dropdown-overline' -> using false
No value for 'clock-underline' -> using false
No value for 'clock-overline' -> using false
No value for 'mpd-underline' -> using false
No value for 'mpd-overline' -> using false
No value for 'volume-underline' -> using false
No value for 'volume-overline' -> using false
No events specified for 'themeSwitch-scroll-up' -> using none.
No events specified for 'themeSwitch-mouse-middle' -> using none.
No value for 'updates-underline' -> using false
No events specified for 'themeSwitch-mouse-right' -> using none.
No value for 'updates-overline' -> using false
No events specified for 'themeSwitch-scroll-down' -> using none.
No events specified for 'desktop-mouse-left' -> using none.
No events specified for 'desktop-scroll-up' -> using none.
No value for 'weather-underline' -> using false
No events specified for 'desktop-mouse-middle' -> using none.
No value for 'weather-overline' -> using false
No events specified for 'dropdown-scroll-up' -> using none.
No events specified for 'desktop-mouse-right' -> using none.
No events specified for 'dropdown-mouse-middle' -> using none.
No events specified for 'desktop-scroll-down' -> using none.
No events specified for 'dropdown-mouse-right' -> using none.
No events specified for 'title-mouse-left' -> using none.
No events specified for 'dropdown-scroll-down' -> using none.
No value for 'clock-underline' -> using false
No events specified for 'title-scroll-up' -> using none.
No value for 'clock-overline' -> using false
No events specified for 'title-mouse-middle' -> using none.
No events specified for 'title-mouse-right' -> using none.
No events specified for 'title-scroll-down' -> using none.
No events specified for 'themeSwitch-scroll-up' -> using none.
No events specified for 'themeSwitch-mouse-middle' -> using none.
No events specified for 'themeSwitch-mouse-right' -> using none.
No events specified for 'dropdown-scroll-up' -> using none.
No events specified for 'dropdown-mouse-middle' -> using none.
No events specified for 'themeSwitch-scroll-down' -> using none.
No events specified for 'dropdown-mouse-right' -> using none.
No events specified for 'desktop-mouse-left' -> using none.
No events specified for 'dropdown-scroll-down' -> using none.
No events specified for 'desktop-scroll-up' -> using none.
No events specified for 'dropdown-scroll-up' -> using none.
No events specified for 'dropdown-mouse-middle' -> using none.
No events specified for 'desktop-mouse-middle' -> using none.
No events specified for 'dropdown-mouse-right' -> using none.
No events specified for 'desktop-mouse-right' -> using none.
No events specified for 'dropdown-scroll-down' -> using none.
No events specified for 'desktop-scroll-down' -> using none.
No events specified for 'title-mouse-left' -> using none.
No events specified for 'title-scroll-up' -> using none.
No events specified for 'title-mouse-middle' -> using none.
No events specified for 'title-mouse-right' -> using none.
No events specified for 'title-scroll-down' -> using none.
No events specified for 'themeSwitch-scroll-up' -> using none.
No events specified for 'themeSwitch-mouse-middle' -> using none.
No events specified for 'themeSwitch-mouse-right' -> using none.
No events specified for 'mpd-scroll-up' -> using none.
No events specified for 'mpd-mouse-middle' -> using none.
No events specified for 'themeSwitch-scroll-down' -> using none.
No events specified for 'mpd-mouse-right' -> using none.
No events specified for 'desktop-mouse-left' -> using none.
No events specified for 'mpd-scroll-down' -> using none.
No events specified for 'desktop-scroll-up' -> using none.
No events specified for 'volume-mouse-left' -> using none.
No events specified for 'desktop-mouse-middle' -> using none.
No events specified for 'volume-scroll-up' -> using none.
No events specified for 'desktop-mouse-right' -> using none.
No events specified for 'volume-mouse-middle' -> using none.
No events specified for 'desktop-scroll-down' -> using none.
No events specified for 'volume-mouse-right' -> using none.
No events specified for 'title-mouse-left' -> using none.
No events specified for 'volume-scroll-down' -> using none.
No events specified for 'title-scroll-up' -> using none.
No events specified for 'dropdown-scroll-up' -> using none.
No events specified for 'updates-mouse-left' -> using none.
No events specified for 'title-mouse-middle' -> using none.
No events specified for 'dropdown-mouse-middle' -> using none.
No events specified for 'updates-scroll-up' -> using none.
No events specified for 'title-mouse-right' -> using none.
No events specified for 'dropdown-mouse-right' -> using none.
No events specified for 'updates-mouse-middle' -> using none.
No events specified for 'title-scroll-down' -> using none.
No events specified for 'dropdown-scroll-down' -> using none.
No events specified for 'updates-mouse-right' -> using none.
No events specified for 'updates-scroll-down' -> using none.
No events specified for 'weather-mouse-left' -> using none.
No events specified for 'weather-scroll-up' -> using none.
No events specified for 'weather-mouse-middle' -> using none.
No events specified for 'weather-mouse-right' -> using none.
No events specified for 'weather-scroll-down' -> using none.
No events specified for 'dropdown-scroll-up' -> using none.
No events specified for 'dropdown-mouse-middle' -> using none.
No events specified for 'mpd-scroll-up' -> using none.
No events specified for 'dropdown-mouse-right' -> using none.
No events specified for 'mpd-mouse-middle' -> using none.
No events specified for 'dropdown-scroll-down' -> using none.
No events specified for 'mpd-mouse-right' -> using none.
No events specified for 'mpd-scroll-down' -> using none.
No events specified for 'volume-mouse-left' -> using none.
No events specified for 'clock-scroll-up' -> using none.
No events specified for 'volume-scroll-up' -> using none.
No events specified for 'clock-mouse-middle' -> using none.
No events specified for 'volume-mouse-middle' -> using none.
No events specified for 'clock-mouse-right' -> using none.
No events specified for 'volume-mouse-right' -> using none.
No events specified for 'clock-scroll-down' -> using none.
No events specified for 'volume-scroll-down' -> using none.
No events specified for 'updates-mouse-left' -> using none.
No events specified for 'updates-scroll-up' -> using none.
No events specified for 'updates-mouse-middle' -> using none.
No events specified for 'updates-mouse-right' -> using none.
No events specified for 'updates-scroll-down' -> using none.
No events specified for 'mpd-scroll-up' -> using none.
No events specified for 'weather-mouse-left' -> using none.
No events specified for 'mpd-mouse-middle' -> using none.
No events specified for 'weather-scroll-up' -> using none.
No events specified for 'mpd-mouse-right' -> using none.
No events specified for 'weather-mouse-middle' -> using none.
No events specified for 'mpd-scroll-down' -> using none.
No events specified for 'weather-mouse-right' -> using none.
No events specified for 'volume-mouse-left' -> using none.
No events specified for 'weather-scroll-down' -> using none.
No events specified for 'volume-scroll-up' -> using none.
No events specified for 'volume-mouse-middle' -> using none.
No events specified for 'volume-mouse-right' -> using none.
No events specified for 'volume-scroll-down' -> using none.
No events specified for 'updates-mouse-left' -> using none.
No events specified for 'updates-scroll-up' -> using none.
No events specified for 'updates-mouse-middle' -> using none.
No events specified for 'updates-mouse-right' -> using none.
No events specified for 'updates-scroll-down' -> using none.
No events specified for 'weather-mouse-left' -> using none.
No events specified for 'weather-scroll-up' -> using none.
No events specified for 'clock-scroll-up' -> using none.
No events specified for 'weather-mouse-middle' -> using none.
No events specified for 'clock-mouse-middle' -> using none.
No events specified for 'weather-mouse-right' -> using none.
No events specified for 'clock-mouse-right' -> using none.
No events specified for 'weather-scroll-down' -> using none.
No events specified for 'clock-scroll-down' -> using none.
No events specified for 'clock-scroll-up' -> using none.
No events specified for 'clock-mouse-middle' -> using none.
No events specified for 'clock-mouse-right' -> using none.
No events specified for 'clock-scroll-down' -> using none.
cat: /tmp/bspcrules: No such file or directory
(standard_in) 1: syntax error
/home/neeasade/.wm/scripts/external_rules.sh: 43: [: Illegal number: 
cat: /tmp/bspcrules: No such file or directory
cat: /tmp/bspcrules: No such file or directory
cat: /tmp/bspcrules: No such file or directory
Failed request: ChangeProperty, BadWindow: 0x01E00003.
cat: /tmp/bspcrules: No such file or directory
Failed request: ChangeProperty, BadWindow: 0x01E00003.
cat: /tmp/bspcrules: No such file or directory
cat: /tmp/bspcrules: No such file or directory
cat: /tmp/bspcrules: No such file or directory
Failed request: ChangeProperty, BadWindow: 0x02800003.
cat: /tmp/bspcrules: No such file or directory
(standard_in) 1: syntax error
/home/neeasade/.wm/scripts/external_rules.sh: 43: [: Illegal number: 
Terminated
Terminated
Terminated
Terminated
cat: /tmp/bspcrules: No such file or directory
Failed request: ChangeProperty, BadWindow: 0x01200003.
cat: /tmp/bspcrules: No such file or directory
Failed request: ChangeProperty, BadWindow: 0x01200003.
cat: /tmp/bspcrules: No such file or directory
cat: /tmp/bspcrules: No such file or directory
Failed request: ChangeProperty, BadWindow: 0x05000003.
cat: /tmp/bspcrules: No such file or directory
Failed request: ChangeProperty, BadWindow: 0x06400003.
cat: /tmp/bspcrules: No such file or directory
cat: /tmp/bspcrules: No such file or directory
Failed request: ChangeProperty, BadWindow: 0x02400002.
cat: /tmp/bspcrules: No such file or directory
Failed request: ChangeProperty, BadWindow: 0x07000003.
cat: /tmp/bspcrules: No such file or directory
cat: /tmp/bspcrules: No such file or directory
cat: /tmp/bspcrules: No such file or directory
Failed request: ChangeProperty, BadWindow: 0x07800003.
Failed request: ChangeProperty, BadWindow: 0x07000003.
Failed request: ChangeProperty, BadWindow: 0x01E00003.
Failed request: ChangeProperty, BadWindow: 0x07400003.
cat: /tmp/bspcrules: No such file or directory
Failed request: ChangeProperty, BadWindow: 0x00E00003.
cat: /tmp/bspcrules: No such file or directory
Failed request: ChangeProperty, BadWindow: 0x00E00003.
cat: /tmp/bspcrules: No such file or directory
Failed request: ChangeProperty, BadWindow: 0x00E00003.
cat: /tmp/bspcrules: No such file or directory
cat: /tmp/bspcrules: No such file or directory
Failed request: ChangeProperty, BadWindow: 0x00600003.
Failed request: ChangeProperty, BadWindow: 0x00E00003.
cat: /tmp/bspcrules: No such file or directory
(standard_in) 1: syntax error
/home/neeasade/.wm/scripts/external_rules.sh: 43: [: Illegal number: 
cat: /tmp/bspcrules: No such file or directory
cat: /tmp/bspcrules: No such file or directory
Failed request: ChangeProperty, BadWindow: 0x01E00003.
cat: /tmp/bspcrules: No such file or directory
cat: /tmp/bspcrules: No such file or directory
Failed request: ChangeProperty, BadWindow: 0x05000003.
cat: /tmp/bspcrules: No such file or directory
(standard_in) 1: syntax error
/home/neeasade/.wm/scripts/external_rules.sh: 43: [: Illegal number: 
Failed request: ChangeProperty, BadWindow: 0x05000003.
cat: /tmp/bspcrules: No such file or directory
(standard_in) 1: syntax error
/home/neeasade/.wm/scripts/external_rules.sh: 43: [: Illegal number: 
Failed request: ChangeProperty, BadWindow: 0x04C00003.
cat: /tmp/bspcrules: No such file or directory
(standard_in) 1: syntax error
/home/neeasade/.wm/scripts/external_rules.sh: 43: [: Illegal number: 
cat: /tmp/bspcrules: No such file or directory
cat: /tmp/bspcrules: No such file or directory
Failed request: ChangeProperty, BadWindow: 0x05000002.
Failed request: ChangeProperty, BadWindow: 0x04C00003.
Failed request: ChangeProperty, BadWindow: 0x00602C4A.
Failed request: ChangeProperty, BadWindow: 0x02800003.
Failed request: ChangeProperty, BadWindow: 0x06E00003.
Failed request: ChangeProperty, BadWindow: 0x04600003.
cat: /tmp/bspcrules: No such file or directory
Failed request: ChangeProperty, BadWindow: 0x01A00003.
cat: /tmp/bspcrules: No such file or directory
cat: /tmp/bspcrules: No such file or directory
cat: /tmp/bspcrules: No such file or directory
Failed request: ChangeProperty, BadWindow: 0x00400002.
cat: /tmp/bspcrules: No such file or directory
(standard_in) 1: syntax error
/home/neeasade/.wm/scripts/external_rules.sh: 43: [: Illegal number: 
cat: /tmp/bspcrules: No such file or directory
cat: /tmp/bspcrules: No such file or directory
cat: /tmp/bspcrules: No such file or directory
Failed request: ChangeProperty, BadWindow: 0x04200003.
Failed request: ChangeProperty, BadWindow: 0x04600003.
Failed request: ChangeProperty, BadWindow: 0x00600678.
cat: /tmp/bspcrules: No such file or directory
cat: /tmp/bspcrules: No such file or directory
cat: /tmp/bspcrules: No such file or directory
Failed request: ChangeProperty, BadWindow: 0x06A00003.
cat: /tmp/bspcrules: No such file or directory
cat: /tmp/bspcrules: No such file or directory
Failed request: ChangeProperty, BadWindow: 0x07800003.
cat: /tmp/bspcrules: No such file or directory
Failed request: ChangeProperty, BadWindow: 0x0A000003.
Failed request: ChangeProperty, BadWindow: 0x01A00003.
cat: /tmp/bspcrules: No such file or directory
Failed request: ChangeProperty, BadWindow: 0x03C00003.
cat: /tmp/bspcrules: No such file or directory
(standard_in) 1: syntax error
/home/neeasade/.wm/scripts/external_rules.sh: 43: [: Illegal number: 
cat: /tmp/bspcrules: No such file or directory
cat: /tmp/bspcrules: No such file or directory
Failed request: ChangeProperty, BadWindow: 0x0EE00001.
cat: /tmp/bspcrules: No such file or directory
(standard_in) 1: syntax error
/home/neeasade/.wm/scripts/external_rules.sh: 43: [: Illegal number: 
Failed request: ChangeProperty, BadWindow: 0x01A00003.
cat: /tmp/bspcrules: No such file or directory
cat: /tmp/bspcrules: No such file or directory
Failed request: ChangeProperty, BadWindow: 0x01200003.
cat: /tmp/bspcrules: No such file or directory
cat: /tmp/bspcrules: No such file or directory
Failed request: ChangeProperty, BadWindow: 0x04000003.
cat: /tmp/bspcrules: No such file or directory
Failed request: ChangeProperty, BadWindow: 0x01A00003.
cat: /tmp/bspcrules: No such file or directory
Failed request: ChangeProperty, BadWindow: 0x01A00003.
cat: /tmp/bspcrules: No such file or directory
Failed request: ChangeProperty, BadWindow: 0x01A00003.
cat: /tmp/bspcrules: No such file or directory
Failed request: ChangeProperty, BadWindow: 0x0220011F.
cat: /tmp/bspcrules: No such file or directory
Failed request: ChangeProperty, BadWindow: 0x01A00003.
Failed request: ChangeProperty, BadWindow: 0x0220011F.
cat: /tmp/bspcrules: No such file or directory
(standard_in) 1: syntax error
/home/neeasade/.wm/scripts/external_rules.sh: 43: [: Illegal number: 
Failed request: ChangeProperty, BadWindow: 0x01200003.
Failed request: ChangeProperty, BadWindow: 0x0180011F.
cat: /tmp/bspcrules: No such file or directory
(standard_in) 1: syntax error
/home/neeasade/.wm/scripts/external_rules.sh: 43: [: Illegal number: 
cat: /tmp/bspcrules: No such file or directory
cat: /tmp/bspcrules: No such file or directory
Failed request: ChangeProperty, BadWindow: 0x0C000003.
cat: /tmp/bspcrules: No such file or directory
Failed request: ChangeProperty, BadWindow: 0x0C000003.
cat: /tmp/bspcrules: No such file or directory
cat: /tmp/bspcrules: No such file or directory
Failed request: ChangeProperty, BadWindow: 0x18C00003.
cat: /tmp/bspcrules: No such file or directory
cat: /tmp/bspcrules: No such file or directory
cat: /tmp/bspcrules: No such file or directory
Failed request: ChangeProperty, BadWindow: 0x1CC00001.
cat: /tmp/bspcrules: No such file or directory
cat: /tmp/bspcrules: No such file or directory
cat: /tmp/bspcrules: No such file or directory
cat: /tmp/bspcrules: No such file or directory
Failed request: ChangeProperty, BadWindow: 0x1D000001.
cat: /tmp/bspcrules: No such file or directory
cat: /tmp/bspcrules: No such file or directory
Failed request: ChangeProperty, BadWindow: 0x03C00748.
cat: /tmp/bspcrules: No such file or directory
Failed request: ChangeProperty, BadWindow: 0x1D000001.
cat: /tmp/bspcrules: No such file or directory
Failed request: ChangeProperty, BadWindow: 0x1D000001.
cat: /tmp/bspcrules: No such file or directory
Failed request: ChangeProperty, BadWindow: 0x1D000001.
cat: /tmp/bspcrules: No such file or directory
Failed request: ChangeProperty, BadWindow: 0x03C00BE9.
cat: /tmp/bspcrules: No such file or directory
Failed request: ChangeProperty, BadWindow: 0x0C000003.
Failed request: ChangeProperty, BadWindow: 0x12600003.
Failed request: ChangeProperty, BadWindow: 0x1D000002.
cat: /tmp/bspcrules: No such file or directory
Failed request: ChangeProperty, BadWindow: 0x03C00F01.
cat: /tmp/bspcrules: No such file or directory
Failed request: ChangeProperty, BadWindow: 0x06200001.
Failed request: ChangeProperty, BadWindow: 0x0C000003.
Failed request: ChangeProperty, BadWindow: 0x1CA00003.
Failed request: ChangeProperty, BadWindow: 0x1C600003.
cat: /tmp/bspcrules: No such file or directory
(standard_in) 1: syntax error
/home/neeasade/.wm/scripts/external_rules.sh: 43: [: Illegal number: 
cat: /tmp/bspcrules: No such file or directory
Failed request: ChangeProperty, BadWindow: 0x06200003.
Failed request: ChangeProperty, BadWindow: 0x08C00003.
cat: /tmp/bspcrules: No such file or directory
(standard_in) 1: syntax error
/home/neeasade/.wm/scripts/external_rules.sh: 43: [: Illegal number: 
cat: /tmp/bspcrules: No such file or directory
cat: /tmp/bspcrules: No such file or directory
cat: /tmp/bspcrules: No such file or directory
Failed request: ChangeProperty, BadWindow: 0x12600003.
cat: /tmp/bspcrules: No such file or directory
Failed request: ChangeProperty, BadWindow: 0x04000003.
cat: /tmp/bspcrules: No such file or directory
(standard_in) 1: syntax error
/home/neeasade/.wm/scripts/external_rules.sh: 43: [: Illegal number: 
cat: /tmp/bspcrules: No such file or directory
cat: /tmp/bspcrules: No such file or directory
Failed request: ChangeProperty, BadWindow: 0x03A00002.
cat: /tmp/bspcrules: No such file or directory
cat: /tmp/bspcrules: No such file or directory
Failed request: ChangeProperty, BadWindow: 0x04000003.
Failed request: ChangeProperty, BadWindow: 0x006083DB.
Failed request: ChangeProperty, BadWindow: 0x05C00003.
cat: /tmp/bspcrules: No such file or directory
cat: /tmp/bspcrules: No such file or directory
(standard_in) 1: syntax error
/home/neeasade/.wm/scripts/external_rules.sh: 43: [: Illegal number: 
cat: /tmp/bspcrules: No such file or directory
Failed request: ChangeProperty, BadWindow: 0x084005D6.
cat: /tmp/bspcrules: No such file or directory
cat: /tmp/bspcrules: No such file or directory
Failed request: ChangeProperty, BadWindow: 0x06200001.
cat: /tmp/bspcrules: No such file or directory
Failed request: ChangeProperty, BadWindow: 0x0D000001.
cat: /tmp/bspcrules: No such file or directory
(standard_in) 1: syntax error
/home/neeasade/.wm/scripts/external_rules.sh: 43: [: Illegal number: 
cat: /tmp/bspcrules: No such file or directory
cat: /tmp/bspcrules: No such file or directory
Failed request: ChangeProperty, BadWindow: 0x07000001.
cat: /tmp/bspcrules: No such file or directory
cat: /tmp/bspcrules: No such file or directory
Failed request: ChangeProperty, BadWindow: 0x0D000058.
Failed request: ChangeProperty, BadWindow: 0x0D000001.
cat: /tmp/bspcrules: No such file or directory
Failed request: ChangeProperty, BadWindow: 0x10200003.
Failed request: ChangeProperty, BadWindow: 0x03C00001.
cat: /tmp/bspcrules: No such file or directory
cat: /tmp/bspcrules: No such file or directory
cat: /tmp/bspcrules: No such file or directory
(standard_in) 1: syntax error
/home/neeasade/.wm/scripts/external_rules.sh: 43: [: Illegal number: 
cat: /tmp/bspcrules: No such file or directory
Failed request: ChangeProperty, BadWindow: 0x0A400003.
cat: /tmp/bspcrules: No such file or directory
cat: /tmp/bspcrules: No such file or directory
cat: /tmp/bspcrules: No such file or directory
cat: /tmp/bspcrules: No such file or directory
Failed request: ChangeProperty, BadWindow: 0x06200001.
Failed request: ChangeProperty, BadWindow: 0x06200048.
Failed request: ChangeProperty, BadWindow: 0x0E600002.
cat: /tmp/bspcrules: No such file or directory
Failed request: ChangeProperty, BadWindow: 0x06200003.
cat: /tmp/bspcrules: No such file or directory
cat: /tmp/bspcrules: No such file or directory
cat: /tmp/bspcrules: No such file or directory
Failed request: ChangeProperty, BadWindow: 0x0D000003.
cat: /tmp/bspcrules: No such file or directory
cat: /tmp/bspcrules: No such file or directory
cat: /tmp/bspcrules: No such file or directory
cat: /tmp/bspcrules: No such file or directory
cat: /tmp/bspcrules: No such file or directory
Failed request: ChangeProperty, BadWindow: 0x13000003.
Failed request: ChangeProperty, BadWindow: 0x0E800003.
cat: /tmp/bspcrules: No such file or directory
Failed request: ChangeProperty, BadWindow: 0x03C00003.
Failed request: ChangeProperty, BadWindow: 0x05200003.
Failed request: ChangeProperty, BadWindow: 0x0A400003.
cat: /tmp/bspcrules: No such file or directory
Failed request: ChangeProperty, BadWindow: 0x1E400003.
cat: /tmp/bspcrules: No such file or directory
Failed request: ChangeProperty, BadWindow: 0x12000003.
Failed request: ChangeProperty, BadWindow: 0x06200003.
cat: /tmp/bspcrules: No such file or directory
Failed request: ChangeProperty, BadWindow: 0x05C00003.
Failed request: ChangeProperty, BadWindow: 0x0D000003.
Failed request: ChangeProperty, BadWindow: 0x02600003.
Failed request: ChangeProperty, BadWindow: 0x04200003.
cat: /tmp/bspcrules: No such file or directory
cat: /tmp/bspcrules: No such file or directory
cat: /tmp/bspcrules: No such file or directory
Failed request: ChangeProperty, BadWindow: 0x03600003.
cat: /tmp/bspcrules: No such file or directory
Failed request: ChangeProperty, BadWindow: 0x03600003.
cat: /tmp/bspcrules: No such file or directory
cat: /tmp/bspcrules: No such file or directory
Failed request: ChangeProperty, BadWindow: 0x0060A025.
cat: /tmp/bspcrules: No such file or directory
(standard_in) 1: syntax error
/home/neeasade/.wm/scripts/external_rules.sh: 43: [: Illegal number: 
cat: /tmp/bspcrules: No such file or directory
(standard_in) 1: syntax error
/home/neeasade/.wm/scripts/external_rules.sh: 43: [: Illegal number: 
cat: /tmp/bspcrules: No such file or directory
cat: /tmp/bspcrules: No such file or directory
(standard_in) 1: syntax error
/home/neeasade/.wm/scripts/external_rules.sh: 43: [: Illegal number: 
cat: /tmp/bspcrules: No such file or directory
(standard_in) 1: syntax error
/home/neeasade/.wm/scripts/external_rules.sh: 43: [: Illegal number: 
cat: /tmp/bspcrules: No such file or directory
cat: /tmp/bspcrules: No such file or directory
(standard_in) 1: syntax error
/home/neeasade/.wm/scripts/external_rules.sh: 43: [: Illegal number: 
Failed request: ChangeProperty, BadWindow: 0x1CE00003.
cat: /tmp/bspcrules: No such file or directory
(standard_in) 1: syntax error
/home/neeasade/.wm/scripts/external_rules.sh: 43: [: Illegal number: 
Failed request: ChangeProperty, BadWindow: 0x11200003.
Failed request: ChangeProperty, BadWindow: 0x14E00003.
Failed request: ChangeProperty, BadWindow: 0x03000003.
Failed request: ChangeProperty, BadWindow: 0x03A00003.
Failed request: ChangeProperty, BadWindow: 0x03600003.
Failed request: ChangeProperty, BadWindow: 0x08600003.
cat: /tmp/bspcrules: No such file or directory
Failed request: ChangeProperty, BadWindow: 0x0C000003.
cat: /tmp/bspcrules: No such file or directory
Failed request: ChangeProperty, BadWindow: 0x03400003.
cat: /tmp/bspcrules: No such file or directory
Failed request: ChangeProperty, BadWindow: 0x03400003.
cat: /tmp/bspcrules: No such file or directory
Failed request: ChangeProperty, BadWindow: 0x08200003.
Failed request: ChangeProperty, BadWindow: 0x12600003.
Failed request: ChangeProperty, BadWindow: 0x00604FDC.
cat: /tmp/bspcrules: No such file or directory
Failed request: ChangeProperty, BadWindow: 0x01C00003.
cat: /tmp/bspcrules: No such file or directory
Failed request: ChangeProperty, BadWindow: 0x01C00003.
cat: /tmp/bspcrules: No such file or directory
cat: /tmp/bspcrules: No such file or directory
cat: /tmp/bspcrules: No such file or directory
cat: /tmp/bspcrules: No such file or directory
cat: /tmp/bspcrules: No such file or directory
Failed request: ChangeProperty, BadWindow: 0x18A00003.
Failed request: ChangeProperty, BadWindow: 0x02400003.
cat: /tmp/bspcrules: No such file or directory
(standard_in) 1: syntax error
/home/neeasade/.wm/scripts/external_rules.sh: 43: [: Illegal number: 
Failed request: ChangeProperty, BadWindow: 0x02400003.
cat: /tmp/bspcrules: No such file or directory
(standard_in) 1: syntax error
/home/neeasade/.wm/scripts/external_rules.sh: 43: [: Illegal number: 
cat: /tmp/bspcrules: No such file or directory
cat: /tmp/bspcrules: No such file or directory
Failed request: ChangeProperty, BadWindow: 0x07800002.
Failed request: ChangeProperty, BadWindow: 0x02400003.
Failed request: ChangeProperty, BadWindow: 0x00610E58.
Failed request: ChangeProperty, BadWindow: 0x01C00003.
cat: /tmp/bspcrules: No such file or directory
Failed request: ChangeProperty, BadWindow: 0x01C00003.
Failed request: ChangeProperty, BadWindow: 0x10200001.
cat: /tmp/bspcrules: No such file or directory
Failed request: ChangeProperty, BadWindow: 0x01C00003.
Failed request: ChangeProperty, BadWindow: 0x0C000003.
Failed request: ChangeProperty, BadWindow: 0x07000003.
cat: /tmp/bspcrules: No such file or directory
cat: /tmp/bspcrules: No such file or directory
cat: /tmp/bspcrules: No such file or directory
Failed request: ChangeProperty, BadWindow: 0x12C00003.
Failed request: ChangeProperty, BadWindow: 0x01C00003.
cat: /tmp/bspcrules: No such file or directory
Failed request: ChangeProperty, BadWindow: 0x01C00003.
cat: /tmp/bspcrules: No such file or directory
cat: /tmp/bspcrules: No such file or directory
(standard_in) 1: syntax error
/home/neeasade/.wm/scripts/external_rules.sh: 43: [: Illegal number: 
Failed request: ChangeProperty, BadWindow: 0x0BA00003.
cat: /tmp/bspcrules: No such file or directory
(standard_in) 1: syntax error
/home/neeasade/.wm/scripts/external_rules.sh: 43: [: Illegal number: 
cat: /tmp/bspcrules: No such file or directory
cat: /tmp/bspcrules: No such file or directory
Failed request: ChangeProperty, BadWindow: 0x1AA00002.
Failed request: ChangeProperty, BadWindow: 0x0BA00003.
cat: /tmp/bspcrules: No such file or directory
(standard_in) 1: syntax error
/home/neeasade/.wm/scripts/external_rules.sh: 43: [: Illegal number: 
cat: /tmp/bspcrules: No such file or directory
Failed request: ChangeProperty, BadWindow: 0x00611C8A.
Failed request: ChangeProperty, BadWindow: 0x0061157E.
Failed request: ChangeProperty, BadWindow: 0x02200002.
cat: /tmp/bspcrules: No such file or directory
cat: /tmp/bspcrules: No such file or directory
cat: /tmp/bspcrules: No such file or directory
cat: /tmp/bspcrules: No such file or directory
Failed request: ChangeProperty, BadWindow: 0x1C600001.
cat: /tmp/bspcrules: No such file or directory
(standard_in) 1: syntax error
/home/neeasade/.wm/scripts/external_rules.sh: 43: [: Illegal number: 
cat: /tmp/bspcrules: No such file or directory
cat: /tmp/bspcrules: No such file or directory
Failed request: ChangeProperty, BadWindow: 0x1C800002.
Failed request: ChangeProperty, BadWindow: 0x1CE00003.
Failed request: ChangeProperty, BadWindow: 0x1C600003.
Failed request: ChangeProperty, BadWindow: 0x1E400003.
cat: /tmp/bspcrules: No such file or directory
(standard_in) 1: syntax error
/home/neeasade/.wm/scripts/external_rules.sh: 43: [: Illegal number: 
Failed request: ChangeProperty, BadWindow: 0x0100011F.
Failed request: ChangeProperty, BadWindow: 0x0E200003.
Failed request: ChangeProperty, BadWindow: 0x01200003.
cat: /tmp/bspcrules: No such file or directory
(standard_in) 1: syntax error
/home/neeasade/.wm/scripts/external_rules.sh: 43: [: Illegal number: 
cat: /tmp/bspcrules: No such file or directory
Failed request: ChangeProperty, BadWindow: 0x01400003.
Failed request: ChangeProperty, BadWindow: 0x01000003.
cat: /tmp/bspcrules: No such file or directory
cat: /tmp/bspcrules: No such file or directory
cat: /tmp/bspcrules: No such file or directory
(standard_in) 1: syntax error
/home/neeasade/.wm/scripts/external_rules.sh: 43: [: Illegal number: 
Failed request: ChangeProperty, BadWindow: 0x01400003.
Failed request: ChangeProperty, BadWindow: 0x01C00003.
cat: /tmp/bspcrules: No such file or directory
(standard_in) 1: syntax error
/home/neeasade/.wm/scripts/external_rules.sh: 43: [: Illegal number: 
cat: /tmp/bspcrules: No such file or directory
cat: /tmp/bspcrules: No such file or directory
Failed request: ChangeProperty, BadWindow: 0x01C00002.
cat: /tmp/bspcrules: No such file or directory
(standard_in) 1: syntax error
/home/neeasade/.wm/scripts/external_rules.sh: 43: [: Illegal number: 
cat: /tmp/bspcrules: No such file or directory
cat: /tmp/bspcrules: No such file or directory
cat: /tmp/bspcrules: No such file or directory
cat: /tmp/bspcrules: No such file or directory
cat: /tmp/bspcrules: No such file or directory
Failed request: ChangeProperty, BadWindow: 0x07800003.
Failed request: ChangeProperty, BadWindow: 0x01C00001.
Failed request: ChangeProperty, BadWindow: 0x02C0011F.
cat: /tmp/bspcrules: No such file or directory
cat: /tmp/bspcrules: No such file or directory
Failed request: ChangeProperty, BadWindow: 0x1AA00003.
Failed request: ChangeProperty, BadWindow: 0x01400003.
Failed request: ChangeProperty, BadWindow: 0x0BA00003.
Failed request: ChangeProperty, BadWindow: 0x02C00001.
Failed request: ChangeProperty, BadWindow: 0x01A0011F.
cat: /tmp/bspcrules: No such file or directory
Failed request: ChangeProperty, BadWindow: 0x00612D81.
cat: /tmp/bspcrules: No such file or directory
Failed request: ChangeProperty, BadWindow: 0x0120011F.
cat: /tmp/bspcrules: No such file or directory
Failed request: ChangeProperty, BadWindow: 0x02C00003.
cat: /tmp/bspcrules: No such file or directory
Failed request: ChangeProperty, BadWindow: 0x0120011F.
cat: /tmp/bspcrules: No such file or directory
cat: /tmp/bspcrules: No such file or directory
Failed request: ChangeProperty, BadWindow: 0x07A00002.
Failed request: ChangeProperty, BadWindow: 0x0120011F.
cat: /tmp/bspcrules: No such file or directory
(standard_in) 1: syntax error
/home/neeasade/.wm/scripts/external_rules.sh: 43: [: Illegal number: 
Failed request: ChangeProperty, BadWindow: 0x0120011F.
cat: /tmp/bspcrules: No such file or directory
(standard_in) 1: syntax error
/home/neeasade/.wm/scripts/external_rules.sh: 43: [: Illegal number: 
Failed request: ChangeProperty, BadWindow: 0x0120011F.
cat: /tmp/bspcrules: No such file or directory
(standard_in) 1: syntax error
/home/neeasade/.wm/scripts/external_rules.sh: 43: [: Illegal number: 
Failed request: ChangeProperty, BadWindow: 0x0120011F.
cat: /tmp/bspcrules: No such file or directory
(standard_in) 1: syntax error
/home/neeasade/.wm/scripts/external_rules.sh: 43: [: Illegal number: 
Failed request: ChangeProperty, BadWindow: 0x01A00001.
Failed request: ChangeProperty, BadWindow: 0x0120011F.
cat: /tmp/bspcrules: No such file or directory
(standard_in) 1: syntax error
/home/neeasade/.wm/scripts/external_rules.sh: 43: [: Illegal number: 
Failed request: ChangeProperty, BadWindow: 0x0120011F.
cat: /tmp/bspcrules: No such file or directory
(standard_in) 1: syntax error
/home/neeasade/.wm/scripts/external_rules.sh: 43: [: Illegal number: 
Failed request: ChangeProperty, BadWindow: 0x0120011F.
cat: /tmp/bspcrules: No such file or directory
(standard_in) 1: syntax error
/home/neeasade/.wm/scripts/external_rules.sh: 43: [: Illegal number: 
cat: /tmp/bspcrules: No such file or directory
Failed request: ChangeProperty, BadWindow: 0x01A00003.
Failed request: ChangeProperty, BadWindow: 0x0120011F.
cat: /tmp/bspcrules: No such file or directory
(standard_in) 1: syntax error
/home/neeasade/.wm/scripts/external_rules.sh: 43: [: Illegal number: 
cat: /tmp/bspcrules: No such file or directory
Failed request: ChangeProperty, BadWindow: 0x0120011F.
cat: /tmp/bspcrules: No such file or directory
(standard_in) 1: syntax error
/home/neeasade/.wm/scripts/external_rules.sh: 43: [: Illegal number: 
cat: /tmp/bspcrules: No such file or directory
cat: /tmp/bspcrules: No such file or directory
cat: /tmp/bspcrules: No such file or directory
Failed request: ChangeProperty, BadWindow: 0x0380006D.
Failed request: ChangeProperty, BadWindow: 0x0380006D.
cat: /tmp/bspcrules: No such file or directory
Failed request: ChangeProperty, BadWindow: 0x0120011F.
cat: /tmp/bspcrules: No such file or directory
(standard_in) 1: syntax error
/home/neeasade/.wm/scripts/external_rules.sh: 43: [: Illegal number: 
Failed request: ChangeProperty, BadWindow: 0x03E00003.
Failed request: ChangeProperty, BadWindow: 0x0120011F.
cat: /tmp/bspcrules: No such file or directory
(standard_in) 1: syntax error
/home/neeasade/.wm/scripts/external_rules.sh: 43: [: Illegal number: 
cat: /tmp/bspcrules: No such file or directory
Failed request: ChangeProperty, BadWindow: 0x0380011F.
Failed request: ChangeProperty, BadWindow: 0x03600002.
cat: /tmp/bspcrules: No such file or directory
cat: /tmp/bspcrules: No such file or directory
Failed request: ChangeProperty, BadWindow: 0x03E00003.
cat: /tmp/bspcrules: No such file or directory
cat: /tmp/bspcrules: No such file or directory
Failed request: ChangeProperty, BadWindow: 0x03E00003.
cat: /tmp/bspcrules: No such file or directory
Failed request: ChangeProperty, BadWindow: 0x03400003.
cat: /tmp/bspcrules: No such file or directory
Failed request: ChangeProperty, BadWindow: 0x01A00048.
Failed request: ChangeProperty, BadWindow: 0x03600003.
cat: /tmp/bspcrules: No such file or directory
cat: /tmp/bspcrules: No such file or directory
cat: /tmp/bspcrules: No such file or directory
cat: /tmp/bspcrules: No such file or directory
cat: /tmp/bspcrules: No such file or directory
Failed request: ChangeProperty, BadWindow: 0x10600003.
Failed request: ChangeProperty, BadWindow: 0x01A00001.
cat: /tmp/bspcrules: No such file or directory
Failed request: ChangeProperty, BadWindow: 0x01A00001.
cat: /tmp/bspcrules: No such file or directory
cat: /tmp/bspcrules: No such file or directory
Failed request: ChangeProperty, BadWindow: 0x02C00003.
Failed request: ChangeProperty, BadWindow: 0x03E00003.
Failed request: ChangeProperty, BadWindow: 0x0F600003.
Failed request: ChangeProperty, BadWindow: 0x07800003.
cat: /tmp/bspcrules: No such file or directory
Failed request: ChangeProperty, BadWindow: 0x04000001.
cat: /tmp/bspcrules: No such file or directory
Failed request: ChangeProperty, BadWindow: 0x03C00003.
cat: /tmp/bspcrules: No such file or directory
Failed request: ChangeWindowAttributes, BadWindow: 0x01E016A2.
Failed request: ConfigureWindow, BadWindow: 0x01E016A2.
Failed request: SetInputFocus, BadWindow: 0x01E016A2.
Failed request: ConfigureWindow, BadWindow: 0x01E016A2.
Failed request: ConfigureWindow, BadWindow: 0x01E016A2.
Failed request: ChangeProperty, BadWindow: 0x01E0000B.
Failed request: ChangeProperty, BadWindow: 0x01E0083D.
Failed request: ConfigureWindow, BadWindow: 0x01E016A2.
Failed request: ChangeProperty, BadWindow: 0x01E00072.
Failed request: ChangeProperty, BadWindow: 0x01E016A2.
Failed request: ChangeProperty, BadWindow: 0x01000003.
Failed request: ChangeProperty, BadWindow: 0x0840001C.
Failed request: ChangeProperty, BadWindow: 0x1B200003.
cat: /tmp/bspcrules: No such file or directory
(standard_in) 1: syntax error
/home/neeasade/.wm/scripts/external_rules.sh: 43: [: Illegal number: 
cat: /tmp/bspcrules: No such file or directory
cat: /tmp/bspcrules: No such file or directory
cat: /tmp/bspcrules: No such file or directory
cat: /tmp/bspcrules: No such file or directory
cat: /tmp/bspcrules: No such file or directory
Failed request: ChangeProperty, BadWindow: 0x13600003.
Failed request: ChangeProperty, BadWindow: 0x14A0000B.
Failed request: ConfigureWindow, BadWindow: 0x14A00013.
Failed request: ConfigureWindow, BadWindow: 0x14A00013.
Failed request: ConfigureWindow, BadWindow: 0x14A0001A.
Failed request: ConfigureWindow, BadWindow: 0x14A0001A.
Failed request: ConfigureWindow, BadWindow: 0x14A0001D.
Failed request: ConfigureWindow, BadWindow: 0x14A0001D.
Failed request: ConfigureWindow, BadWindow: 0x14A00020.
Failed request: ConfigureWindow, BadWindow: 0x14A00020.
Failed request: ChangeWindowAttributes, BadWindow: 0x14A0001A.
Failed request: ConfigureWindow, BadWindow: 0x14A0001A.
Failed request: SetInputFocus, BadWindow: 0x14A0001A.
Failed request: ChangeProperty, BadWindow: 0x14A00013.
Failed request: ConfigureWindow, BadWindow: 0x14A0001A.
Failed request: ConfigureWindow, BadWindow: 0x14A0001A.
Failed request: ConfigureWindow, BadWindow: 0x14A0001D.
Failed request: ConfigureWindow, BadWindow: 0x14A0001D.
Failed request: ConfigureWindow, BadWindow: 0x14A00020.
Failed request: ConfigureWindow, BadWindow: 0x14A00020.
Failed request: ChangeWindowAttributes, BadWindow: 0x14A00020.
Failed request: ConfigureWindow, BadWindow: 0x14A00020.
Failed request: SetInputFocus, BadWindow: 0x14A00020.
Failed request: ChangeProperty, BadWindow: 0x14A0001A.
Failed request: ConfigureWindow, BadWindow: 0x14A0001D.
Failed request: ConfigureWindow, BadWindow: 0x14A0001D.
Failed request: ConfigureWindow, BadWindow: 0x14A00020.
Failed request: ConfigureWindow, BadWindow: 0x14A00020.
Failed request: ChangeProperty, BadWindow: 0x14A0001D.
Failed request: ConfigureWindow, BadWindow: 0x14A00020.
Failed request: ConfigureWindow, BadWindow: 0x14A00020.
Failed request: ChangeProperty, BadWindow: 0x14A00020.
cat: /tmp/bspcrules: No such file or directory
(standard_in) 1: syntax error
/home/neeasade/.wm/scripts/external_rules.sh: 43: [: Illegal number: 
cat: /tmp/bspcrules: No such file or directory
cat: /tmp/bspcrules: No such file or directory
cat: /tmp/bspcrules: No such file or directory
cat: /tmp/bspcrules: No such file or directory
cat: /tmp/bspcrules: No such file or directory
cat: /tmp/bspcrules: No such file or directory
Failed request: ChangeProperty, BadWindow: 0x1C800003.
cat: /tmp/bspcrules: No such file or directory
Failed request: ChangeProperty, BadWindow: 0x0F000003.
cat: /tmp/bspcrules: No such file or directory
cat: /tmp/bspcrules: No such file or directory
Failed request: ChangeProperty, BadWindow: 0x07800003.
cat: /tmp/bspcrules: No such file or directory
Failed request: ChangeProperty, BadWindow: 0x01400003.
cat: /tmp/bspcrules: No such file or directory
cat: /tmp/bspcrules: No such file or directory
cat: /tmp/bspcrules: No such file or directory
Failed request: ChangeProperty, BadWindow: 0x03400003.
Failed request: ChangeProperty, BadWindow: 0x02400003.
Failed request: ChangeProperty, BadWindow: 0x01400003.
Failed request: ChangeWindowAttributes, BadWindow: 0x01000003.
Failed request: ConfigureWindow, BadWindow: 0x01000003.
Failed request: SetInputFocus, BadWindow: 0x01000003.
Failed request: ChangeProperty, BadWindow: 0x1D800003.
Failed request: ConfigureWindow, BadWindow: 0x01000003.
Failed request: ConfigureWindow, BadWindow: 0x01000003.
Failed request: ChangeProperty, BadWindow: 0x01000003.
cat: /tmp/bspcrules: No such file or directory
Failed request: ChangeProperty, BadWindow: 0x01600003.
Failed request: ChangeProperty, BadWindow: 0x09800003.
Failed request: ChangeProperty, BadWindow: 0x0BE00003.
cat: /tmp/bspcrules: No such file or directory
(standard_in) 1: syntax error
/home/neeasade/.wm/scripts/external_rules.sh: 43: [: Illegal number: 
cat: /tmp/bspcrules: No such file or directory
cat: /tmp/bspcrules: No such file or directory
Failed request: ChangeProperty, BadWindow: 0x08200003.
Failed request: ChangeProperty, BadWindow: 0x07800003.
cat: /tmp/bspcrules: No such file or directory
Failed request: ChangeProperty, BadWindow: 0x07800003.
Failed request: ChangeProperty, BadWindow: 0x1D800003.
cat: /tmp/bspcrules: No such file or directory
cat: /tmp/bspcrules: No such file or directory
cat: /tmp/bspcrules: No such file or directory
Failed request: ChangeProperty, BadWindow: 0x09000003.
cat: /tmp/bspcrules: No such file or directory
Failed request: ChangeProperty, BadWindow: 0x09000003.
Failed request: ChangeProperty, BadWindow: 0x09800003.
cat: /tmp/bspcrules: No such file or directory
cat: /tmp/bspcrules: No such file or directory
cat: /tmp/bspcrules: No such file or directory
cat: /tmp/bspcrules: No such file or directory
Failed request: ChangeProperty, BadWindow: 0x12000003.
cat: /tmp/bspcrules: No such file or directory
cat: /tmp/bspcrules: No such file or directory
Failed request: ChangeProperty, BadWindow: 0x11800002.
cat: /tmp/bspcrules: No such file or directory
cat: /tmp/bspcrules: No such file or directory
cat: /tmp/bspcrules: No such file or directory
Failed request: ChangeProperty, BadWindow: 0x15800002.
cat: /tmp/bspcrules: No such file or directory
Failed request: ChangeProperty, BadWindow: 0x120006CB.
Failed request: ChangeProperty, BadWindow: 0x12C00001.
cat: /tmp/bspcrules: No such file or directory
Failed request: ChangeProperty, BadWindow: 0x12C00003.
cat: /tmp/bspcrules: No such file or directory
cat: /tmp/bspcrules: No such file or directory
(standard_in) 1: syntax error
/home/neeasade/.wm/scripts/external_rules.sh: 43: [: Illegal number: 
cat: /tmp/bspcrules: No such file or directory
cat: /tmp/bspcrules: No such file or directory
Failed request: ChangeProperty, BadWindow: 0x13000002.
Failed request: ChangeProperty, BadWindow: 0x15800003.
cat: /tmp/bspcrules: No such file or directory
cat: /tmp/bspcrules: No such file or directory
Failed request: ChangeProperty, BadWindow: 0x15800002.
Failed request: ChangeProperty, BadWindow: 0x13E00003.
cat: /tmp/bspcrules: No such file or directory
cat: /tmp/bspcrules: No such file or directory
Failed request: ChangeProperty, BadWindow: 0x07000002.
cat: /tmp/bspcrules: No such file or directory
cat: /tmp/bspcrules: No such file or directory
Failed request: ChangeProperty, BadWindow: 0x09000008.
