set option: prefix -> C-s
set option: default-command -> "/bin/bash"
set option: default-shell -> "/bin/bash"
set option: escape-time -> 0
set option: default-terminal -> "screen-256color"
set option: utf8 -> on
set option: history-limit -> 4096
set option: visual-activity -> off
set option: visual-bell -> off
set option: visual-silence -> off
set option: monitor-activity -> off
set option: bell-action -> none
set option: pane-border-fg -> black
set option: pane-active-border-fg -> white
set option: window-status-current-format -> " #F#I:#W#F "
set option: window-status-format -> " #F#I:#W#F "
set option: window-status-bg -> black
set option: window-status-fg -> white
set option: window-status-current-bg -> white
set option: window-status-current-fg -> black
set option: window-status-current-attr -> bright
set option: message-fg -> black
set option: message-bg -> white
set option: message-attr -> bright
set option: status-position -> top
set option: status-bg -> default
set option: status-fg -> default
set option: status-attr -> bright
set option: status-interval -> 5
set option: status-justify -> centre
set option: status-left-length -> 100
set option: status-right-length -> 100
set option: status-right -> ""
set option: status-left -> ""
set option: status-left -> " #[fg=blue]#[bg=default][#H]#[default]"
set option: status-right -> " #[fg=blue]#[bg=default][#S]#[default]"
set option: mode-keys -> vi
set option: status-keys -> vi
set option: utf8 -> on
set option: mode-mouse -> on
set option: mouse-select-window -> on
set option: mouse-select-pane -> on
set option: mouse-resize-pane -> on
